# JRE version: OpenJDK Runtime Environment (8.0_91-b14) (build 1.8.0_91-8u91-b14-3ubuntu1~16.04.1-b14)
# Java VM: OpenJDK 64-Bit Server VM (25.91-b14 mixed mode linux-amd64 compressed oops)
Heap:
 PSYoungGen      total 644096K, used 0K [0x00000000d6f80000, 0x00000000fff00000, 0x0000000100000000)
  eden space 616448K, 0% used [0x00000000d6f80000,0x00000000d6f80000,0x00000000fc980000)
  from space 27648K, 0% used [0x00000000fc980000,0x00000000fc980000,0x00000000fe480000)
  to   space 27136K, 0% used [0x00000000fe480000,0x00000000fe480000,0x00000000fff00000)
 ParOldGen       total 422912K, used 134219K [0x0000000084e00000, 0x000000009eb00000, 0x00000000d6f80000)
  object space 422912K, 31% used [0x0000000084e00000,0x000000008d112d30,0x000000009eb00000)
 Metaspace       used 2736K, capacity 4600K, committed 4864K, reserved 1056768K
  class space    used 284K, capacity 424K, committed 512K, reserved 1048576K
GC Heap History (10 events):
Event: 155.893 GC heap after
Heap after GC invocations=353 (full 24):
 PSYoungGen      total 643072K, used 18208K [0x00000000d6f80000, 0x0000000100000000, 0x0000000100000000)
  eden space 613888K, 0% used [0x00000000d6f80000,0x00000000d6f80000,0x00000000fc700000)
  from space 29184K, 62% used [0x00000000fc700000,0x00000000fd8c8000,0x00000000fe380000)
  to   space 28160K, 0% used [0x00000000fe480000,0x00000000fe480000,0x0000000100000000)
 ParOldGen       total 422912K, used 323357K [0x0000000084e00000, 0x000000009eb00000, 0x00000000d6f80000)
  object space 422912K, 76% used [0x0000000084e00000,0x00000000989c77e8,0x000000009eb00000)
 Metaspace       used 2736K, capacity 4600K, committed 4864K, reserved 1056768K
  class space    used 284K, capacity 424K, committed 512K, reserved 1048576K
}
Event: 156.244 GC heap before
{Heap before GC invocations=354 (full 24):
 PSYoungGen      total 643072K, used 632096K [0x00000000d6f80000, 0x0000000100000000, 0x0000000100000000)
  eden space 613888K, 100% used [0x00000000d6f80000,0x00000000fc700000,0x00000000fc700000)
  from space 29184K, 62% used [0x00000000fc700000,0x00000000fd8c8000,0x00000000fe380000)
  to   space 28160K, 0% used [0x00000000fe480000,0x00000000fe480000,0x0000000100000000)
 ParOldGen       total 422912K, used 323357K [0x0000000084e00000, 0x000000009eb00000, 0x00000000d6f80000)
  object space 422912K, 76% used [0x0000000084e00000,0x00000000989c77e8,0x000000009eb00000)
 Metaspace       used 2736K, capacity 4600K, committed 4864K, reserved 1056768K
  class space    used 284K, capacity 424K, committed 512K, reserved 1048576K
Event: 156.321 GC heap after
Heap after GC invocations=354 (full 24):
 PSYoungGen      total 641024K, used 20128K [0x00000000d6f80000, 0x00000000ffe00000, 0x0000000100000000)
  eden space 614912K, 0% used [0x00000000d6f80000,0x00000000d6f80000,0x00000000fc800000)
  from space 26112K, 77% used [0x00000000fe480000,0x00000000ff828000,0x00000000ffe00000)
  to   space 27648K, 0% used [0x00000000fc800000,0x00000000fc800000,0x00000000fe300000)
 ParOldGen       total 422912K, used 341493K [0x0000000084e00000, 0x000000009eb00000, 0x00000000d6f80000)
  object space 422912K, 80% used [0x0000000084e00000,0x0000000099b7d7e8,0x000000009eb00000)
 Metaspace       used 2736K, capacity 4600K, committed 4864K, reserved 1056768K
  class space    used 284K, capacity 424K, committed 512K, reserved 1048576K
}
Event: 156.706 GC heap before
{Heap before GC invocations=355 (full 24):
 PSYoungGen      total 641024K, used 635040K [0x00000000d6f80000, 0x00000000ffe00000, 0x0000000100000000)
  eden space 614912K, 100% used [0x00000000d6f80000,0x00000000fc800000,0x00000000fc800000)
  from space 26112K, 77% used [0x00000000fe480000,0x00000000ff828000,0x00000000ffe00000)
  to   space 27648K, 0% used [0x00000000fc800000,0x00000000fc800000,0x00000000fe300000)
 ParOldGen       total 422912K, used 341493K [0x0000000084e00000, 0x000000009eb00000, 0x00000000d6f80000)
  object space 422912K, 80% used [0x0000000084e00000,0x0000000099b7d7e8,0x000000009eb00000)
 Metaspace       used 2736K, capacity 4600K, committed 4864K, reserved 1056768K
  class space    used 284K, capacity 424K, committed 512K, reserved 1048576K
Event: 156.788 GC heap after
Heap after GC invocations=355 (full 24):
 PSYoungGen      total 642560K, used 22560K [0x00000000d6f80000, 0x0000000100000000, 0x0000000100000000)
  eden space 614912K, 0% used [0x00000000d6f80000,0x00000000d6f80000,0x00000000fc800000)
  from space 27648K, 81% used [0x00000000fc800000,0x00000000fde08000,0x00000000fe300000)
  to   space 28160K, 0% used [0x00000000fe480000,0x00000000fe480000,0x0000000100000000)
 ParOldGen       total 422912K, used 361549K [0x0000000084e00000, 0x000000009eb00000, 0x00000000d6f80000)
  object space 422912K, 85% used [0x0000000084e00000,0x000000009af137e8,0x000000009eb00000)
 Metaspace       used 2736K, capacity 4600K, committed 4864K, reserved 1056768K
  class space    used 284K, capacity 424K, committed 512K, reserved 1048576K
}
Event: 157.103 GC heap before
{Heap before GC invocations=356 (full 24):
 PSYoungGen      total 642560K, used 637472K [0x00000000d6f80000, 0x0000000100000000, 0x0000000100000000)
  eden space 614912K, 100% used [0x00000000d6f80000,0x00000000fc800000,0x00000000fc800000)
  from space 27648K, 81% used [0x00000000fc800000,0x00000000fde08000,0x00000000fe300000)
  to   space 28160K, 0% used [0x00000000fe480000,0x00000000fe480000,0x0000000100000000)
 ParOldGen       total 422912K, used 361549K [0x0000000084e00000, 0x000000009eb00000, 0x00000000d6f80000)
  object space 422912K, 85% used [0x0000000084e00000,0x000000009af137e8,0x000000009eb00000)
 Metaspace       used 2736K, capacity 4600K, committed 4864K, reserved 1056768K
  class space    used 284K, capacity 424K, committed 512K, reserved 1048576K
Event: 157.173 GC heap after
Heap after GC invocations=356 (full 24):
 PSYoungGen      total 644096K, used 17726K [0x00000000d6f80000, 0x00000000fff80000, 0x0000000100000000)
  eden space 616448K, 0% used [0x00000000d6f80000,0x00000000d6f80000,0x00000000fc980000)
  from space 27648K, 64% used [0x00000000fe480000,0x00000000ff5cfab0,0x00000000fff80000)
  to   space 27648K, 0% used [0x00000000fc980000,0x00000000fc980000,0x00000000fe480000)
 ParOldGen       total 422912K, used 384069K [0x0000000084e00000, 0x000000009eb00000, 0x00000000d6f80000)
  object space 422912K, 90% used [0x0000000084e00000,0x000000009c5117e8,0x000000009eb00000)
 Metaspace       used 2736K, capacity 4600K, committed 4864K, reserved 1056768K
  class space    used 284K, capacity 424K, committed 512K, reserved 1048576K
}
Event: 157.469 GC heap before
{Heap before GC invocations=357 (full 24):
 PSYoungGen      total 644096K, used 634174K [0x00000000d6f80000, 0x00000000fff80000, 0x0000000100000000)
  eden space 616448K, 100% used [0x00000000d6f80000,0x00000000fc980000,0x00000000fc980000)
  from space 27648K, 64% used [0x00000000fe480000,0x00000000ff5cfab0,0x00000000fff80000)
  to   space 27648K, 0% used [0x00000000fc980000,0x00000000fc980000,0x00000000fe480000)
 ParOldGen       total 422912K, used 384069K [0x0000000084e00000, 0x000000009eb00000, 0x00000000d6f80000)
  object space 422912K, 90% used [0x0000000084e00000,0x000000009c5117e8,0x000000009eb00000)
 Metaspace       used 2736K, capacity 4600K, committed 4864K, reserved 1056768K
  class space    used 284K, capacity 424K, committed 512K, reserved 1048576K
Event: 157.529 GC heap after
Heap after GC invocations=357 (full 24):
 PSYoungGen      total 644096K, used 19223K [0x00000000d6f80000, 0x00000000fff00000, 0x0000000100000000)
  eden space 616448K, 0% used [0x00000000d6f80000,0x00000000d6f80000,0x00000000fc980000)
  from space 27648K, 69% used [0x00000000fc980000,0x00000000fdc45c40,0x00000000fe480000)
  to   space 27136K, 0% used [0x00000000fe480000,0x00000000fe480000,0x00000000fff00000)
 ParOldGen       total 422912K, used 401717K [0x0000000084e00000, 0x000000009eb00000, 0x00000000d6f80000)
  object space 422912K, 94% used [0x0000000084e00000,0x000000009d64d7e8,0x000000009eb00000)
 Metaspace       used 2736K, capacity 4600K, committed 4864K, reserved 1056768K
  class space    used 284K, capacity 424K, committed 512K, reserved 1048576K
}
Event: 157.538 GC heap before
{Heap before GC invocations=358 (full 25):
 PSYoungGen      total 644096K, used 19223K [0x00000000d6f80000, 0x00000000fff00000, 0x0000000100000000)
  eden space 616448K, 0% used [0x00000000d6f80000,0x00000000d6f80000,0x00000000fc980000)
  from space 27648K, 69% used [0x00000000fc980000,0x00000000fdc45c40,0x00000000fe480000)
  to   space 27136K, 0% used [0x00000000fe480000,0x00000000fe480000,0x00000000fff00000)
 ParOldGen       total 422912K, used 401717K [0x0000000084e00000, 0x000000009eb00000, 0x00000000d6f80000)
  object space 422912K, 94% used [0x0000000084e00000,0x000000009d64d7e8,0x000000009eb00000)
 Metaspace       used 2736K, capacity 4600K, committed 4864K, reserved 1056768K
  class space    used 284K, capacity 424K, committed 512K, reserved 1048576K

